[
  {
    "name": "CPP: Hello World",
    "jobId": "692f3ee5873f84b5cbebb098",
    "expected": "Hello CPP",
    "actual": {
      "stdout": "Hello CPP",
      "stderr": "",
      "errorType": null,
      "errorMessage": ""
    },
    "status": "PASS",
    "durationMs": 2341
  },
  {
    "name": "CPP: Compilation Error",
    "jobId": "692f3ee7873f84b5cbebb099",
    "expected": "CompilationError",
    "actual": {
      "stdout": "",
      "stderr": "main.cpp: In function 'int main()':\nmain.cpp:2:26: error: 'x' was not declared in this scope\n    2 | int main(){ std::cout << x; }\n      |                          ^\n",
      "errorType": "CompilationError",
      "errorMessage": "Compilation failed. See error details."
    },
    "status": "PASS",
    "durationMs": 1647
  },
  {
    "name": "Python: Runtime Error (division by zero)",
    "jobId": "692f3ee9873f84b5cbebb09a",
    "expected": "RuntimeError",
    "actual": {
      "stdout": "",
      "stderr": "Traceback (most recent call last):\n  File \"/app/main.py\", line 3, in <module>\n    print(x / y)\n          ~~^~~\nZeroDivisionError: division by zero\n",
      "errorType": "RuntimeError",
      "errorMessage": "Runtime Error: the program crashed during execution."
    },
    "status": "PASS",
    "durationMs": 1633
  },
  {
    "name": "Python: Heavy Loop",
    "jobId": "692f3eea873f84b5cbebb09b",
    "expected": "49999995000000",
    "actual": {
      "stdout": "49999995000000\n",
      "stderr": "",
      "errorType": null,
      "errorMessage": ""
    },
    "status": "PASS",
    "durationMs": 2259
  },
  {
    "name": "JS: BFS Traversal + Heavy Load",
    "jobId": "692f3eed873f84b5cbebb09c",
    "expected": "Reachable:",
    "actual": {
      "stdout": "Reachable: 1879\n",
      "stderr": "",
      "errorType": null,
      "errorMessage": ""
    },
    "status": "PASS",
    "durationMs": 1651
  },
  {
    "name": "JS: ReferenceError",
    "jobId": "692f3eee873f84b5cbebb09d",
    "expected": "RuntimeError",
    "actual": {
      "stdout": "",
      "stderr": "/app/main.js:1\nconsole.log(x + 1);\n            ^\n\nReferenceError: x is not defined\n    at Object.<anonymous> (/app/main.js:1:13)\n    at Module._compile (node:internal/modules/cjs/loader:1706:14)\n    at Object..js (node:internal/modules/cjs/loader:1839:10)\n    at Module.load (node:internal/modules/cjs/loader:1441:32)\n    at Function._load (node:internal/modules/cjs/loader:1263:12)\n    at TracingChannel.traceSync (node:diagnostics_channel:328:14)\n    at wrapModuleLoad (node:internal/modules/cjs/loader:237:24)\n    at Function.executeUserEntryPoint [as runMain] (node:internal/modules/run_main:171:5)\n    at node:internal/main/run_main_module:36:49\n\nNode.js v22.21.1\n",
      "errorType": "RuntimeError",
      "errorMessage": "Runtime Error: the program crashed during execution."
    },
    "status": "PASS",
    "durationMs": 1431
  },
  {
    "name": "Go: Panic Test",
    "jobId": "692f3ef0873f84b5cbebb09e",
    "expected": "RuntimeError",
    "actual": {
      "stdout": "",
      "stderr": "",
      "errorType": "TLE",
      "errorMessage": "Time Limit Exceeded: the program ran longer than allowed."
    },
    "status": "FAIL",
    "durationMs": 4700
  },
  {
    "name": "Go: Normal Program",
    "jobId": "692f3ef5873f84b5cbebb09f",
    "expected": "55",
    "actual": {
      "stdout": "",
      "stderr": "",
      "errorType": "TLE",
      "errorMessage": "Time Limit Exceeded: the program ran longer than allowed."
    },
    "status": "FAIL",
    "durationMs": 4690
  },
  {
    "name": "Java: Dijkstra Shortest Path",
    "jobId": "692f3ef9873f84b5cbebb0a0",
    "expected": "0",
    "actual": {
      "stdout": "0 3 4 7 5 ",
      "stderr": "",
      "errorType": null,
      "errorMessage": ""
    },
    "status": "PASS",
    "durationMs": 2248
  }
]